2024-11-23 18:25:20,252 [INFO] Activator:176 - 


2024-11-23 18:25:20,253 [INFO] Activator:177 - !SESSION log4j initialized
2024-11-23 18:25:22,279 [INFO] LogOutputStream:77 - [STDOUT_REDIRECT] 
2024-11-23 18:25:23,526 [INFO] ApplicationProperties:184 - Using Application install path: C:\ST\STM32CubeIDE_1.16.1\STM32CubeIDE\plugins\com.st.stm32cube.common.mx_6.12.1.202409122256
2024-11-23 18:25:23,541 [INFO] DbMcusXml:78 - Set database path to: C:\ST\STM32CubeIDE_1.16.1\STM32CubeIDE\plugins\com.st.stm32cube.common.mx_6.12.1.202409122256\\db\/mcu/
2024-11-23 18:25:23,541 [INFO] ApiDb:274 - Set plugin database path to: C:\ST\STM32CubeIDE_1.16.1\STM32CubeIDE\plugins\com.st.stm32cube.common.mx_6.12.1.202409122256\\db\/plugins/boardmanager/
2024-11-23 18:25:23,553 [WARN] ApiDb:259 - Overriding images path with different value:  => C:\ST\STM32CubeIDE_1.16.1\STM32CubeIDE\plugins\com.st.stm32cube.common.mx_6.12.1.202409122256\\db\/plugins/mcufinder/images/
2024-11-23 18:25:23,556 [INFO] ApiDb:250 - Set database path to: C:\Users\simeo\.stmcufinder\plugins\mcufinder//mcu/
2024-11-23 18:25:23,556 [INFO] DbMcusAds:125 - Set database path to: C:\Users\simeo\.stmcufinder\plugins\mcufinder//mcu/
2024-11-23 18:25:23,558 [INFO] CrossReferenceDbSqlite:203 - Set database path to: C:\Users\simeo\.stmcufinder\plugins\mcufinder//mcu/cs/
2024-11-23 18:25:23,626 [INFO] RulesReader:64 - Compatibility file has been processed (297 Rules)
2024-11-23 18:25:23,686 [INFO] DbMcusXml:78 - Set database path to: C:\ST\STM32CubeIDE_1.16.1\STM32CubeIDE\plugins\com.st.stm32cube.common.mx_6.12.1.202409122256\\db\/mcu/
2024-11-23 18:25:23,686 [INFO] ApiDb:274 - Set plugin database path to: C:\ST\STM32CubeIDE_1.16.1\STM32CubeIDE\plugins\com.st.stm32cube.common.mx_6.12.1.202409122256\\db\/plugins/boardmanager/
2024-11-23 18:25:23,687 [INFO] ApiDb:261 - Set plugin images path to: C:\ST\STM32CubeIDE_1.16.1\STM32CubeIDE\plugins\com.st.stm32cube.common.mx_6.12.1.202409122256\\db\/plugins/mcufinder/images/
2024-11-23 18:25:23,687 [WARN] DbFile:41 - Overriding database path with different value: C:\Users\simeo\.stmcufinder\plugins\mcufinder/ => C:\Users\simeo\.stmcufinder\plugins\mcufinder
2024-11-23 18:25:23,687 [INFO] ApiDb:250 - Set database path to: C:\Users\simeo\.stmcufinder\plugins\mcufinder//mcu/
2024-11-23 18:25:23,687 [WARN] DbFile:41 - Overriding database path with different value: C:\Users\simeo\.stmcufinder\plugins\mcufinder/ => C:\Users\simeo\.stmcufinder\plugins\mcufinder
2024-11-23 18:25:23,687 [INFO] DbMcusAds:125 - Set database path to: C:\Users\simeo\.stmcufinder\plugins\mcufinder//mcu/
2024-11-23 18:25:23,687 [WARN] DbFile:41 - Overriding database path with different value: C:\Users\simeo\.stmcufinder\plugins\mcufinder/ => C:\Users\simeo\.stmcufinder\plugins\mcufinder
2024-11-23 18:25:23,687 [WARN] DbFile:41 - Overriding database path with different value: C:\Users\simeo\.stmcufinder\plugins\mcufinder/ => C:\Users\simeo\.stmcufinder\plugins\mcufinder
2024-11-23 18:25:23,687 [INFO] CrossReferenceDbSqlite:203 - Set database path to: C:\Users\simeo\.stmcufinder\plugins\mcufinder//mcu/cs/
2024-11-23 18:25:23,734 [INFO] MainPanel:268 - HeapMemory: 268435456
2024-11-23 18:25:23,781 [INFO] DbMcusXml:78 - Set database path to: C:\ST\STM32CubeIDE_1.16.1\STM32CubeIDE\plugins\com.st.stm32cube.common.mx_6.12.1.202409122256\\db\/mcu/
2024-11-23 18:25:23,781 [INFO] ApiDb:274 - Set plugin database path to: C:\ST\STM32CubeIDE_1.16.1\STM32CubeIDE\plugins\com.st.stm32cube.common.mx_6.12.1.202409122256\\db\/plugins/boardmanager/
2024-11-23 18:25:23,781 [INFO] ApiDb:261 - Set plugin images path to: C:\ST\STM32CubeIDE_1.16.1\STM32CubeIDE\plugins\com.st.stm32cube.common.mx_6.12.1.202409122256\\db\/plugins/mcufinder/images/
2024-11-23 18:25:23,781 [WARN] DbFile:41 - Overriding database path with different value: C:\Users\simeo\.stmcufinder\plugins\mcufinder/ => C:\Users\simeo\.stmcufinder\plugins\mcufinder
2024-11-23 18:25:23,781 [INFO] ApiDb:250 - Set database path to: C:\Users\simeo\.stmcufinder\plugins\mcufinder//mcu/
2024-11-23 18:25:23,781 [WARN] DbFile:41 - Overriding database path with different value: C:\Users\simeo\.stmcufinder\plugins\mcufinder/ => C:\Users\simeo\.stmcufinder\plugins\mcufinder
2024-11-23 18:25:23,781 [INFO] DbMcusAds:125 - Set database path to: C:\Users\simeo\.stmcufinder\plugins\mcufinder//mcu/
2024-11-23 18:25:23,782 [WARN] DbFile:41 - Overriding database path with different value: C:\Users\simeo\.stmcufinder\plugins\mcufinder/ => C:\Users\simeo\.stmcufinder\plugins\mcufinder
2024-11-23 18:25:23,782 [WARN] DbFile:41 - Overriding database path with different value: C:\Users\simeo\.stmcufinder\plugins\mcufinder/ => C:\Users\simeo\.stmcufinder\plugins\mcufinder
2024-11-23 18:25:23,782 [INFO] CrossReferenceDbSqlite:203 - Set database path to: C:\Users\simeo\.stmcufinder\plugins\mcufinder//mcu/cs/
2024-11-23 18:25:23,793 [INFO] ApplicationProperties:184 - Using Application install path: C:\ST\STM32CubeIDE_1.16.1\STM32CubeIDE\plugins\com.st.stm32cube.common.mx_6.12.1.202409122256
2024-11-23 18:25:23,794 [INFO] PluginManage:196 - Search for loadable plugins [exclusion list=, ]
2024-11-23 18:25:23,794 [INFO] PluginManage:310 - Check plugin analytics
2024-11-23 18:25:23,930 [INFO] AnalyticsPlugin:253 - Accepted Software Licenses: 
2024-11-23 18:25:23,930 [INFO] AnalyticsPlugin:255 - Accepted CMSIS Pack Licenses: 
2024-11-23 18:25:23,931 [INFO] AnalyticsPlugin:257 - Accepted Firmware Licenses: FW.F4.1.28.0
2024-11-23 18:25:23,933 [INFO] PluginManage:359 - Loaded plugin analytics (category:tool,tabindex:-1)
2024-11-23 18:25:23,933 [INFO] PluginManage:310 - Check plugin cadmodel
2024-11-23 18:25:23,937 [INFO] CADModel:105 - Init CAD model plugin
2024-11-23 18:25:23,937 [INFO] PluginManage:359 - Loaded plugin cadmodel (category:power,tabindex:5)
2024-11-23 18:25:23,937 [INFO] PluginManage:310 - Check plugin clock
2024-11-23 18:25:23,950 [INFO] PluginManage:359 - Loaded plugin clock (category:base,tabindex:2)
2024-11-23 18:25:23,950 [INFO] PluginManage:310 - Check plugin ddr
2024-11-23 18:25:23,953 [INFO] PluginManage:359 - Loaded plugin ddr (category:tool,tabindex:6)
2024-11-23 18:25:23,953 [INFO] PluginManage:310 - Check plugin filemanager
2024-11-23 18:25:24,050 [INFO] PluginManage:359 - Loaded plugin filemanager (category:base,tabindex:10)
2024-11-23 18:25:24,050 [INFO] PluginManage:310 - Check plugin ipmanager
2024-11-23 18:25:24,055 [INFO] PluginManage:359 - Loaded plugin ipmanager (category:base,tabindex:5)
2024-11-23 18:25:24,055 [INFO] PluginManage:310 - Check plugin lpbam
2024-11-23 18:25:24,060 [INFO] PluginManage:359 - Loaded plugin lpbam (category:base,tabindex:0)
2024-11-23 18:25:24,060 [INFO] PluginManage:310 - Check plugin memorymap
2024-11-23 18:25:24,076 [INFO] PluginManage:359 - Loaded plugin memorymap (category:base,tabindex:4)
2024-11-23 18:25:24,076 [INFO] PluginManage:310 - Check plugin pinoutandconfiguration
2024-11-23 18:25:24,081 [INFO] PluginManage:359 - Loaded plugin pinoutandconfiguration (category:base,tabindex:1)
2024-11-23 18:25:24,082 [INFO] PluginManage:310 - Check plugin pinoutconfig
2024-11-23 18:25:24,138 [WARN] SupportedApi:132 - Cannot load RTOS API schema: s4s-elt-must-match.1: The content of 'definitions' must match (annotation?, (simpleType | complexType)?, (unique | key | keyref)*)). A problem was found starting at: attribute.
2024-11-23 18:25:24,222 [INFO] PluginManage:359 - Loaded plugin pinoutconfig (category:base,tabindex:0)
2024-11-23 18:25:24,222 [INFO] PluginManage:310 - Check plugin power
2024-11-23 18:25:24,228 [INFO] PluginManage:359 - Loaded plugin power (category:power,tabindex:4)
2024-11-23 18:25:24,229 [INFO] PluginManage:310 - Check plugin projectmanager
2024-11-23 18:25:24,239 [INFO] PluginManage:359 - Loaded plugin projectmanager (category:projectmanager,tabindex:4)
2024-11-23 18:25:24,240 [INFO] PluginManage:310 - Check plugin rif
2024-11-23 18:25:24,243 [INFO] PluginManage:359 - Loaded plugin rif (category:base,tabindex:3)
2024-11-23 18:25:24,243 [INFO] PluginManage:310 - Check plugin thirdparty
2024-11-23 18:25:24,335 [WARN] IntegrityCheckThread:84 - waiting for thirdparty lock release [integrity check]
2024-11-23 18:25:24,335 [INFO] IntegrityCheckThread:86 - entering critical section [integrity check]
2024-11-23 18:25:24,336 [INFO] PluginManage:359 - Loaded plugin thirdparty (category:base,tabindex:-1)
2024-11-23 18:25:24,336 [INFO] PluginManage:310 - Check plugin tools
2024-11-23 18:25:24,336 [INFO] ThirdPartyUpdaterWithRetryManager:70 - Updater plugin not ready yet. [1/15]
2024-11-23 18:25:24,340 [INFO] PluginManage:359 - Loaded plugin tools (category:base,tabindex:7)
2024-11-23 18:25:24,340 [INFO] PluginManage:310 - Check plugin tutovideos
2024-11-23 18:25:24,448 [INFO] PluginManage:359 - Loaded plugin tutovideos (category:base,tabindex:-1)
2024-11-23 18:25:24,448 [INFO] PluginManage:310 - Check plugin updater
2024-11-23 18:25:24,459 [INFO] PluginManage:359 - Loaded plugin updater (category:base,tabindex:12)
2024-11-23 18:25:24,459 [INFO] PluginManage:310 - Check plugin userauth
2024-11-23 18:25:24,463 [INFO] UserAuth:113 - Init User Auth plugin
2024-11-23 18:25:24,463 [INFO] PluginManage:359 - Loaded plugin userauth (category:base,tabindex:14)
2024-11-23 18:25:24,463 [INFO] PluginManage:283 - PluginManage : Loaded plugins [18]
2024-11-23 18:25:24,599 [INFO] PinOutPanel:1561 - setPackage(No Configuration,No Configuration)
2024-11-23 18:25:24,658 [INFO] CADModel:165 - CPN selected for project level
2024-11-23 18:25:24,658 [INFO] CADModel:114 - Register for checkConnection events
2024-11-23 18:25:24,667 [INFO] IPUIPlugin:80 - create IPUIPlugin
2024-11-23 18:25:24,667 [INFO] PluginManager:220 - loadIPPluginJar : add adc
2024-11-23 18:25:24,668 [INFO] IPUIPlugin:80 - create IPUIPlugin
2024-11-23 18:25:24,668 [INFO] PluginManager:220 - loadIPPluginJar : add aes
2024-11-23 18:25:24,669 [INFO] IPUIPlugin:80 - create IPUIPlugin
2024-11-23 18:25:24,670 [INFO] PluginManager:220 - loadIPPluginJar : add can
2024-11-23 18:25:24,670 [INFO] IPUIPlugin:80 - create IPUIPlugin
2024-11-23 18:25:24,670 [INFO] PluginManager:220 - loadIPPluginJar : add comp
2024-11-23 18:25:24,671 [INFO] IPUIPlugin:80 - create IPUIPlugin
2024-11-23 18:25:24,671 [INFO] PluginManager:220 - loadIPPluginJar : add cryp
2024-11-23 18:25:24,673 [INFO] IPUIPlugin:80 - create IPUIPlugin
2024-11-23 18:25:24,673 [INFO] PluginManager:220 - loadIPPluginJar : add ddr_ctrl_phy
2024-11-23 18:25:24,674 [INFO] IPUIPlugin:80 - create IPUIPlugin
2024-11-23 18:25:24,674 [INFO] PluginManager:220 - loadIPPluginJar : add dfsdm
2024-11-23 18:25:24,678 [INFO] IPUIPlugin:80 - create IPUIPlugin
2024-11-23 18:25:24,678 [INFO] PluginManager:220 - loadIPPluginJar : add dma
2024-11-23 18:25:24,679 [INFO] IPUIPlugin:80 - create IPUIPlugin
2024-11-23 18:25:24,679 [INFO] PluginManager:220 - loadIPPluginJar : add dma3
2024-11-23 18:25:24,681 [INFO] IPUIPlugin:80 - create IPUIPlugin
2024-11-23 18:25:24,681 [INFO] PluginManager:220 - loadIPPluginJar : add extmemmanager
2024-11-23 18:25:24,682 [INFO] IPUIPlugin:80 - create IPUIPlugin
2024-11-23 18:25:24,682 [INFO] PluginManager:220 - loadIPPluginJar : add fatfs
2024-11-23 18:25:24,684 [INFO] IPUIPlugin:80 - create IPUIPlugin
2024-11-23 18:25:24,685 [INFO] PluginManager:220 - loadIPPluginJar : add fmc
2024-11-23 18:25:24,688 [INFO] IPUIPlugin:80 - create IPUIPlugin
2024-11-23 18:25:24,688 [INFO] PluginManager:220 - loadIPPluginJar : add freertos
2024-11-23 18:25:24,690 [INFO] IPUIPlugin:80 - create IPUIPlugin
2024-11-23 18:25:24,690 [INFO] PluginManager:220 - loadIPPluginJar : add genericplugin
2024-11-23 18:25:24,691 [INFO] IPUIPlugin:80 - create IPUIPlugin
2024-11-23 18:25:24,691 [INFO] PluginManager:220 - loadIPPluginJar : add gfxmmu
2024-11-23 18:25:24,694 [INFO] IPUIPlugin:80 - create IPUIPlugin
2024-11-23 18:25:24,694 [INFO] PluginManager:220 - loadIPPluginJar : add gic
2024-11-23 18:25:24,696 [INFO] IPUIPlugin:80 - create IPUIPlugin
2024-11-23 18:25:24,696 [INFO] PluginManager:220 - loadIPPluginJar : add gpio
2024-11-23 18:25:24,698 [INFO] IPUIPlugin:80 - create IPUIPlugin
2024-11-23 18:25:24,698 [INFO] PluginManager:220 - loadIPPluginJar : add gtzc
2024-11-23 18:25:24,699 [INFO] IPUIPlugin:80 - create IPUIPlugin
2024-11-23 18:25:24,699 [INFO] PluginManager:220 - loadIPPluginJar : add hash
2024-11-23 18:25:24,701 [INFO] IPUIPlugin:80 - create IPUIPlugin
2024-11-23 18:25:24,701 [INFO] PluginManager:220 - loadIPPluginJar : add i2c
2024-11-23 18:25:24,702 [INFO] IPUIPlugin:80 - create IPUIPlugin
2024-11-23 18:25:24,702 [INFO] PluginManager:220 - loadIPPluginJar : add i2s
2024-11-23 18:25:24,703 [INFO] IPUIPlugin:80 - create IPUIPlugin
2024-11-23 18:25:24,703 [INFO] PluginManager:220 - loadIPPluginJar : add i3c
2024-11-23 18:25:24,705 [INFO] IPUIPlugin:80 - create IPUIPlugin
2024-11-23 18:25:24,706 [INFO] PluginManager:220 - loadIPPluginJar : add ipddr
2024-11-23 18:25:24,710 [INFO] IPUIPlugin:80 - create IPUIPlugin
2024-11-23 18:25:24,710 [INFO] PluginManager:220 - loadIPPluginJar : add linkedlist
2024-11-23 18:25:24,712 [INFO] IPUIPlugin:80 - create IPUIPlugin
2024-11-23 18:25:24,712 [INFO] PluginManager:220 - loadIPPluginJar : add lorawan
2024-11-23 18:25:24,713 [INFO] IPUIPlugin:80 - create IPUIPlugin
2024-11-23 18:25:24,713 [INFO] PluginManager:220 - loadIPPluginJar : add ltdc
2024-11-23 18:25:24,716 [INFO] IPUIPlugin:80 - create IPUIPlugin
2024-11-23 18:25:24,716 [INFO] PluginManager:220 - loadIPPluginJar : add mdma
2024-11-23 18:25:24,718 [INFO] IPUIPlugin:80 - create IPUIPlugin
2024-11-23 18:25:24,718 [INFO] PluginManager:220 - loadIPPluginJar : add nvic
2024-11-23 18:25:24,719 [INFO] IPUIPlugin:80 - create IPUIPlugin
2024-11-23 18:25:24,719 [INFO] PluginManager:220 - loadIPPluginJar : add opamp
2024-11-23 18:25:24,721 [INFO] IPUIPlugin:80 - create IPUIPlugin
2024-11-23 18:25:24,721 [INFO] PluginManager:220 - loadIPPluginJar : add openamp
2024-11-23 18:25:24,723 [INFO] IPUIPlugin:80 - create IPUIPlugin
2024-11-23 18:25:24,723 [INFO] PluginManager:220 - loadIPPluginJar : add pdm2pcm
2024-11-23 18:25:24,727 [INFO] IPUIPlugin:80 - create IPUIPlugin
2024-11-23 18:25:24,729 [INFO] PluginManager:220 - loadIPPluginJar : add plateformsettings
2024-11-23 18:25:24,730 [INFO] IPUIPlugin:80 - create IPUIPlugin
2024-11-23 18:25:24,730 [INFO] PluginManager:220 - loadIPPluginJar : add quadspi
2024-11-23 18:25:24,731 [INFO] IPUIPlugin:80 - create IPUIPlugin
2024-11-23 18:25:24,731 [INFO] PluginManager:220 - loadIPPluginJar : add radio
2024-11-23 18:25:24,733 [INFO] IPUIPlugin:80 - create IPUIPlugin
2024-11-23 18:25:24,733 [INFO] PluginManager:220 - loadIPPluginJar : add resmgrutility
2024-11-23 18:25:24,734 [INFO] IPUIPlugin:80 - create IPUIPlugin
2024-11-23 18:25:24,734 [INFO] PluginManager:220 - loadIPPluginJar : add sai
2024-11-23 18:25:24,736 [INFO] IPUIPlugin:80 - create IPUIPlugin
2024-11-23 18:25:24,736 [INFO] PluginManager:220 - loadIPPluginJar : add spi
2024-11-23 18:25:24,738 [INFO] IPUIPlugin:80 - create IPUIPlugin
2024-11-23 18:25:24,738 [INFO] PluginManager:220 - loadIPPluginJar : add stm32_wpan
2024-11-23 18:25:24,739 [INFO] IPUIPlugin:80 - create IPUIPlugin
2024-11-23 18:25:24,739 [INFO] PluginManager:220 - loadIPPluginJar : add tim
2024-11-23 18:25:24,741 [INFO] IPUIPlugin:80 - create IPUIPlugin
2024-11-23 18:25:24,741 [INFO] PluginManager:220 - loadIPPluginJar : add touchsensing
2024-11-23 18:25:24,742 [INFO] IPUIPlugin:80 - create IPUIPlugin
2024-11-23 18:25:24,742 [INFO] PluginManager:220 - loadIPPluginJar : add tracer_emb
2024-11-23 18:25:24,743 [INFO] IPUIPlugin:80 - create IPUIPlugin
2024-11-23 18:25:24,743 [INFO] PluginManager:220 - loadIPPluginJar : add ts
2024-11-23 18:25:24,743 [INFO] IPUIPlugin:80 - create IPUIPlugin
2024-11-23 18:25:24,744 [INFO] PluginManager:220 - loadIPPluginJar : add tsc
2024-11-23 18:25:24,744 [INFO] IPUIPlugin:80 - create IPUIPlugin
2024-11-23 18:25:24,744 [INFO] PluginManager:220 - loadIPPluginJar : add ucpd
2024-11-23 18:25:24,746 [INFO] IPUIPlugin:80 - create IPUIPlugin
2024-11-23 18:25:24,746 [INFO] PluginManager:220 - loadIPPluginJar : add usart
2024-11-23 18:25:24,748 [INFO] IPUIPlugin:80 - create IPUIPlugin
2024-11-23 18:25:24,748 [INFO] PluginManager:220 - loadIPPluginJar : add usbx
2024-11-23 18:25:24,858 [INFO] CADModel:165 - CPN selected for project level
2024-11-23 18:25:24,858 [INFO] CADModel:114 - Register for checkConnection events
2024-11-23 18:25:24,858 [FATAL] Updater:334 - Updater called before beeing initialized
2024-11-23 18:25:24,858 [ERROR] CADModel:125 - Updater not yet initialized, retry later 
2024-11-23 18:25:24,932 [INFO] CADModel:165 - CPN selected for project level
2024-11-23 18:25:24,932 [INFO] CADModel:114 - Register for checkConnection events
2024-11-23 18:25:24,932 [FATAL] Updater:334 - Updater called before beeing initialized
2024-11-23 18:25:24,932 [ERROR] CADModel:125 - Updater not yet initialized, retry later 
2024-11-23 18:25:24,934 [FATAL] Updater:334 - Updater called before beeing initialized
2024-11-23 18:25:24,999 [FATAL] Updater:334 - Updater called before beeing initialized
2024-11-23 18:25:25,003 [INFO] DbMcusAds:53 - JSON generation date=Fri Sep 20 09:04:38 EDT 2024 (1726837478367)
2024-11-23 18:25:25,003 [FATAL] Updater:334 - Updater called before beeing initialized
2024-11-23 18:25:25,027 [WARN] DetailPanel:346 - Failed to get advertising image, set to default
2024-11-23 18:25:25,091 [FATAL] Updater:334 - Updater called before beeing initialized
2024-11-23 18:25:25,092 [FATAL] Updater:334 - Updater called before beeing initialized
2024-11-23 18:25:25,092 [FATAL] Updater:334 - Updater called before beeing initialized
2024-11-23 18:25:25,092 [WARN] DetailPanel:346 - Failed to get advertising image, set to default
2024-11-23 18:25:25,093 [FATAL] Updater:334 - Updater called before beeing initialized
2024-11-23 18:25:25,122 [ERROR] Updater:1164 - MainUpdater not yet initialized. External WinMGr cannot be set.
2024-11-23 18:25:25,123 [INFO] Updater:1100 - Updater Version found : 6.12.1
2024-11-23 18:25:25,138 [INFO] ApplicationProperties:184 - Using Application install path: C:\ST\STM32CubeIDE_1.16.1\STM32CubeIDE\plugins\com.st.stm32cube.common.mx_6.12.1.202409122256
2024-11-23 18:25:26,704 [ERROR] LogOutputStream:75 - [STDERR_REDIRECT] Nov 23, 2024 6:25:26 PM java.util.prefs.WindowsPreferences <init>
2024-11-23 18:25:26,705 [ERROR] LogOutputStream:75 - [STDERR_REDIRECT] WARNING: Could not open/create prefs root node Software\JavaSoft\Prefs at root 0xffffffff80000002. Windows RegCreateKeyEx(...) returned error code 5.
2024-11-23 18:25:26,705 [ERROR] LogOutputStream:75 - [STDERR_REDIRECT] 
2024-11-23 18:25:26,958 [INFO] MainUpdater:2873 - connection check result : 10
2024-11-23 18:25:26,959 [INFO] MainUpdater:290 - Updater Check For Update Now.
2024-11-23 18:25:26,959 [INFO] MicroXplorer:498 - Change Database Version : DB.6.0.121
2024-11-23 18:25:26,963 [INFO] McuFinderGlobals:63 - Set McuFinder mode to 2 (CubeIDE integrated)
2024-11-23 18:25:26,964 [INFO] UserAuth:417 - Internet connection configuration mode: 1
2024-11-23 18:25:26,995 [INFO] JxBrowserEngine:152 - Initiate JxBrowser Engine with user profile folder
2024-11-23 18:25:27,123 [INFO] CheckServerUpdateThread:120 - End of CheckServer Thread
2024-11-23 18:25:27,547 [INFO] WebApp:167 - Instantiating new browser for Auth
2024-11-23 18:25:27,548 [WARN] PackLoader:240 - Cannot read IP mode file for STMicroelectronics.FP-SNS-MOTENVWB1.1.4.0
2024-11-23 18:25:27,557 [WARN] PackLoader:240 - Cannot read IP mode file for STMicroelectronics.FP-ATR-ASTRA1.2.0.1
2024-11-23 18:25:27,567 [WARN] PackLoader:240 - Cannot read IP mode file for STMicroelectronics.X-CUBE-SMBUS.2.1.0
2024-11-23 18:25:27,578 [WARN] PackLoader:240 - Cannot read IP mode file for STMicroelectronics.X-CUBE-WB05N.1.1.0
2024-11-23 18:25:27,606 [WARN] PackLoader:240 - Cannot read IP mode file for STMicroelectronics.X-CUBE-AZRTOS-F7.1.1.0
2024-11-23 18:25:27,667 [WARN] PackLoader:240 - Cannot read IP mode file for STMicroelectronics.X-CUBE-MEMS1.11.0.0
2024-11-23 18:25:27,781 [WARN] PackLoader:240 - Cannot read IP mode file for STMicroelectronics.FP-SNS-FLIGHT1.5.0.2
2024-11-23 18:25:27,789 [WARN] PackLoader:240 - Cannot read IP mode file for STMicroelectronics.X-CUBE-DISPLAY.3.0.0
2024-11-23 18:25:27,795 [WARN] PackLoader:240 - Cannot read IP mode file for STMicroelectronics.X-CUBE-BLE1.7.0.0
2024-11-23 18:25:27,802 [WARN] PackLoader:240 - Cannot read IP mode file for STMicroelectronics.X-CUBE-NFC10.1.0.0
2024-11-23 18:25:27,807 [WARN] PackLoader:240 - Cannot read IP mode file for emotas.I-CUBE-CANOPEN.1.3.0
2024-11-23 18:25:27,825 [WARN] PackLoader:240 - Cannot read IP mode file for STMicroelectronics.X-CUBE-BLEMGR.3.1.0
2024-11-23 18:25:27,833 [WARN] PackLoader:240 - Cannot read IP mode file for STMicroelectronics.FP-SNS-SMARTAG2.1.2.0
2024-11-23 18:25:27,839 [INFO] LogOutputStream:77 - [STDOUT_REDIRECT] 1 : Invalid condition id : UX_CORESTACK_Condition cause : null
2024-11-23 18:25:27,840 [INFO] LogOutputStream:77 - [STDOUT_REDIRECT] 1 : Invalid condition id : UX_CORESTACK_Condition cause : null
2024-11-23 18:25:27,841 [INFO] LogOutputStream:77 - [STDOUT_REDIRECT] 1 : Invalid condition id : UX_CORESTACK_Condition cause : null
2024-11-23 18:25:27,843 [INFO] LogOutputStream:77 - [STDOUT_REDIRECT] 1 : Invalid condition id : UX_CORESTACK_Condition cause : null
2024-11-23 18:25:27,844 [INFO] LogOutputStream:77 - [STDOUT_REDIRECT] 1 : Invalid condition id : UX_CORESTACK_Condition cause : null
2024-11-23 18:25:27,852 [WARN] PackLoader:240 - Cannot read IP mode file for STMicroelectronics.X-CUBE-AZRTOS-WL.2.0.0
2024-11-23 18:25:27,856 [WARN] PackLoader:240 - Cannot read IP mode file for STMicroelectronics.FP-SNS-MOTENV1.5.0.0
2024-11-23 18:25:27,861 [WARN] PackLoader:240 - Cannot read IP mode file for wolfSSL.I-CUBE-wolfMQTT.1.19.0
2024-11-23 18:25:27,867 [WARN] PackLoader:240 - Cannot read IP mode file for WES.I-CUBE-Cesium.1.3.0
2024-11-23 18:25:27,871 [WARN] PackLoader:240 - Cannot read IP mode file for STMicroelectronics.X-CUBE-BLE2.3.3.0
2024-11-23 18:25:27,875 [WARN] PackLoader:240 - Cannot read IP mode file for STMicroelectronics.X-CUBE-NFC9.1.0.0
2024-11-23 18:25:27,880 [WARN] PackLoader:240 - Cannot read IP mode file for STMicroelectronics.X-CUBE-TCPP.4.1.0
2024-11-23 18:25:27,888 [WARN] PackLoader:240 - Cannot read IP mode file for STMicroelectronics.X-CUBE-AZRTOS-G0.1.1.0
2024-11-23 18:25:27,893 [WARN] PackLoader:240 - Cannot read IP mode file for STMicroelectronics.X-CUBE-SAFEA1.1.2.2
2024-11-23 18:25:27,895 [WARN] PackLoader:240 - Cannot read IP mode file for STMicroelectronics.X-CUBE-NFC4.3.0.0
2024-11-23 18:25:27,902 [WARN] PackLoader:240 - Cannot read IP mode file for EmbeddedOffice.I-CUBE-FS-RTOS.1.0.1
2024-11-23 18:25:27,902 [ERROR] ConditionMgr:805 - Attr not supported : Dmpu
2024-11-23 18:25:27,902 [ERROR] ConditionMgr:805 - Attr not supported : Dmpu
2024-11-23 18:25:27,902 [ERROR] ConditionMgr:805 - Attr not supported : Dmpu
2024-11-23 18:25:27,902 [ERROR] ConditionMgr:805 - Attr not supported : Dmpu
2024-11-23 18:25:27,902 [ERROR] ConditionMgr:805 - Attr not supported : Dmpu
2024-11-23 18:25:27,902 [ERROR] ConditionMgr:805 - Attr not supported : Dmpu
2024-11-23 18:25:27,902 [ERROR] ConditionMgr:805 - Attr not supported : Dmpu
2024-11-23 18:25:27,902 [ERROR] ConditionMgr:805 - Attr not supported : Dmpu
2024-11-23 18:25:27,902 [ERROR] ConditionMgr:805 - Attr not supported : Dmpu
2024-11-23 18:25:27,902 [ERROR] ConditionMgr:805 - Attr not supported : Dmpu
2024-11-23 18:25:27,902 [ERROR] ConditionMgr:805 - Attr not supported : Dmpu
2024-11-23 18:25:27,903 [ERROR] ConditionMgr:805 - Attr not supported : Dmpu
2024-11-23 18:25:27,903 [ERROR] ConditionMgr:805 - Attr not supported : Dmpu
2024-11-23 18:25:27,903 [ERROR] ConditionMgr:805 - Attr not supported : Dmpu
2024-11-23 18:25:27,903 [ERROR] ConditionMgr:805 - Attr not supported : Dmpu
2024-11-23 18:25:27,903 [ERROR] ConditionMgr:805 - Attr not supported : Dmpu
2024-11-23 18:25:27,903 [ERROR] ConditionMgr:805 - Attr not supported : Dmpu
2024-11-23 18:25:27,903 [ERROR] ConditionMgr:805 - Attr not supported : Dmpu
2024-11-23 18:25:27,903 [ERROR] ConditionMgr:805 - Attr not supported : Dmpu
2024-11-23 18:25:27,903 [ERROR] ConditionMgr:805 - Attr not supported : Dmpu
2024-11-23 18:25:27,903 [ERROR] ConditionMgr:805 - Attr not supported : Dmpu
2024-11-23 18:25:27,903 [ERROR] ConditionMgr:805 - Attr not supported : Dmpu
2024-11-23 18:25:27,903 [ERROR] ConditionMgr:805 - Attr not supported : Dmpu
2024-11-23 18:25:27,903 [ERROR] ConditionMgr:805 - Attr not supported : Dmpu
2024-11-23 18:25:27,903 [ERROR] ConditionMgr:805 - Attr not supported : Dmpu
2024-11-23 18:25:27,903 [ERROR] ConditionMgr:805 - Attr not supported : Dmpu
2024-11-23 18:25:27,903 [ERROR] ConditionMgr:805 - Attr not supported : Dmpu
2024-11-23 18:25:27,903 [ERROR] ConditionMgr:805 - Attr not supported : Dmpu
2024-11-23 18:25:27,903 [ERROR] ConditionMgr:805 - Attr not supported : Dmpu
2024-11-23 18:25:27,903 [ERROR] ConditionMgr:805 - Attr not supported : Dmpu
2024-11-23 18:25:27,903 [ERROR] ConditionMgr:805 - Attr not supported : Dmpu
2024-11-23 18:25:27,903 [ERROR] ConditionMgr:805 - Attr not supported : Dmpu
2024-11-23 18:25:27,903 [ERROR] ConditionMgr:805 - Attr not supported : Dmpu
2024-11-23 18:25:27,904 [ERROR] ConditionMgr:805 - Attr not supported : Dmpu
2024-11-23 18:25:27,904 [ERROR] ConditionMgr:805 - Attr not supported : Dmpu
2024-11-23 18:25:27,904 [ERROR] ConditionMgr:805 - Attr not supported : Dmpu
2024-11-23 18:25:27,904 [ERROR] ConditionMgr:805 - Attr not supported : Dmpu
2024-11-23 18:25:27,904 [ERROR] ConditionMgr:805 - Attr not supported : Dmpu
2024-11-23 18:25:27,904 [ERROR] ConditionMgr:805 - Attr not supported : Dmpu
2024-11-23 18:25:27,904 [ERROR] ConditionMgr:805 - Attr not supported : Dmpu
2024-11-23 18:25:27,904 [ERROR] ConditionMgr:805 - Attr not supported : Dmpu
2024-11-23 18:25:27,904 [ERROR] ConditionMgr:805 - Attr not supported : Dmpu
2024-11-23 18:25:27,904 [ERROR] ConditionMgr:805 - Attr not supported : Dmpu
2024-11-23 18:25:27,904 [ERROR] ConditionMgr:805 - Attr not supported : Dmpu
2024-11-23 18:25:27,904 [ERROR] ConditionMgr:805 - Attr not supported : Dmpu
2024-11-23 18:25:27,904 [ERROR] ConditionMgr:805 - Attr not supported : Dmpu
2024-11-23 18:25:27,904 [ERROR] ConditionMgr:805 - Attr not supported : Dmpu
2024-11-23 18:25:27,904 [ERROR] ConditionMgr:805 - Attr not supported : Dmpu
2024-11-23 18:25:27,904 [ERROR] ConditionMgr:805 - Attr not supported : Dmpu
2024-11-23 18:25:27,904 [ERROR] ConditionMgr:805 - Attr not supported : Dmpu
2024-11-23 18:25:27,904 [ERROR] ConditionMgr:805 - Attr not supported : Dmpu
2024-11-23 18:25:27,904 [ERROR] ConditionMgr:805 - Attr not supported : Dmpu
2024-11-23 18:25:27,904 [ERROR] ConditionMgr:805 - Attr not supported : Dmpu
2024-11-23 18:25:27,904 [ERROR] ConditionMgr:805 - Attr not supported : Dmpu
2024-11-23 18:25:27,904 [ERROR] ConditionMgr:805 - Attr not supported : Dmpu
2024-11-23 18:25:27,904 [ERROR] ConditionMgr:805 - Attr not supported : Dmpu
2024-11-23 18:25:27,904 [ERROR] ConditionMgr:805 - Attr not supported : Dmpu
2024-11-23 18:25:27,905 [ERROR] ConditionMgr:805 - Attr not supported : Dmpu
2024-11-23 18:25:27,905 [ERROR] ConditionMgr:805 - Attr not supported : Dmpu
2024-11-23 18:25:27,905 [ERROR] ConditionMgr:805 - Attr not supported : Dmpu
2024-11-23 18:25:27,905 [ERROR] ConditionMgr:805 - Attr not supported : Dmpu
2024-11-23 18:25:27,905 [ERROR] ConditionMgr:805 - Attr not supported : Dmpu
2024-11-23 18:25:27,905 [ERROR] ConditionMgr:805 - Attr not supported : Dmpu
2024-11-23 18:25:27,905 [ERROR] ConditionMgr:805 - Attr not supported : Dmpu
2024-11-23 18:25:27,907 [WARN] PackLoader:240 - Cannot read IP mode file for RealThread.X-CUBE-RT-Thread_Nano.4.1.1
2024-11-23 18:25:27,909 [WARN] PackLoader:240 - Cannot read IP mode file for STMicroelectronics.FP-ATR-SIGFOX1.3.2.0
2024-11-23 18:25:27,912 [WARN] ConditionMgr:438 - getConditionDescription Invalid condition id : Cortex-A Device cause : null
2024-11-23 18:25:27,922 [WARN] ConditionMgr:1039 - genDependencies : Invalid condition id : Cortex-A Device cause : null
2024-11-23 18:25:27,923 [WARN] ConditionMgr:1039 - genDependencies : Invalid condition id : Cortex-A Device cause : null
2024-11-23 18:25:27,923 [WARN] ConditionMgr:1039 - genDependencies : Invalid condition id : Cortex-A Device cause : null
2024-11-23 18:25:27,925 [WARN] PackLoader:240 - Cannot read IP mode file for STMicroelectronics.X-CUBE-EEPRMA1.5.1.0
2024-11-23 18:25:27,928 [WARN] PackLoader:240 - Cannot read IP mode file for wolfSSL.I-CUBE-wolfSSL.5.7.4
2024-11-23 18:25:27,932 [WARN] PackLoader:240 - Cannot read IP mode file for ITTIA_DB.I-CUBE-ITTIADB.8.9.0
2024-11-23 18:25:27,951 [WARN] PackLoader:240 - Cannot read IP mode file for SEGGER.I-CUBE-embOS.1.3.1
2024-11-23 18:25:27,972 [WARN] PackLoader:240 - Cannot read IP mode file for STMicroelectronics.X-CUBE-ALGOBUILD.1.4.0
2024-11-23 18:25:27,975 [WARN] PackLoader:240 - Cannot read IP mode file for STMicroelectronics.X-CUBE-AI.9.1.0
2024-11-23 18:25:27,981 [WARN] PackLoader:240 - Cannot read IP mode file for STMicroelectronics.X-CUBE-AZRTOS-F4.1.1.0
2024-11-23 18:25:27,986 [WARN] PackLoader:240 - Cannot read IP mode file for STMicroelectronics.X-CUBE-ISPU.2.1.0
2024-11-23 18:25:27,988 [WARN] PackLoader:240 - Cannot read IP mode file for STMicroelectronics.X-CUBE-FREERTOS.1.2.0
2024-11-23 18:25:27,996 [WARN] PackLoader:240 - Cannot read IP mode file for STMicroelectronics.X-CUBE-AZRTOS-L5.2.0.0
2024-11-23 18:25:28,004 [WARN] PackLoader:240 - Cannot read IP mode file for STMicroelectronics.X-CUBE-NFC6.3.1.0
2024-11-23 18:25:28,011 [WARN] PackLoader:240 - Cannot read IP mode file for STMicroelectronics.X-CUBE-DPower.1.2.0
2024-11-23 18:25:28,015 [WARN] PackLoader:240 - Cannot read IP mode file for STMicroelectronics.X-CUBE-NFC7.1.0.1
2024-11-23 18:25:28,033 [WARN] ConditionMgr:438 - getConditionDescription Invalid condition id : LAN8742 Phy interface Condition cause : null
2024-11-23 18:25:28,034 [WARN] PackLoader:240 - Cannot read IP mode file for STMicroelectronics.X-CUBE-AZRTOS-L4.2.0.0
2024-11-23 18:25:28,035 [WARN] ConditionMgr:1039 - genDependencies : Invalid condition id : LAN8742 Phy interface Condition cause : null
2024-11-23 18:25:28,035 [WARN] ConditionMgr:1039 - genDependencies : Invalid condition id : LAN8742 Phy interface Condition cause : null
2024-11-23 18:25:28,035 [WARN] ConditionMgr:1039 - genDependencies : Invalid condition id : LAN8742 Phy interface Condition cause : null
2024-11-23 18:25:28,041 [WARN] PackLoader:240 - Cannot read IP mode file for STMicroelectronics.X-CUBE-SFXS2LP1.4.0.0
2024-11-23 18:25:28,053 [WARN] PackLoader:240 - Cannot read IP mode file for STMicroelectronics.X-CUBE-AZRTOS-H7.3.3.0
2024-11-23 18:25:28,060 [WARN] PackLoader:240 - Cannot read IP mode file for STMicroelectronics.X-CUBE-IPS.3.0.0
2024-11-23 18:25:28,069 [WARN] ConditionMgr:438 - getConditionDescription Invalid condition id : UX DEVICE CLASS RTOS Condition cause : null
2024-11-23 18:25:28,070 [WARN] ConditionMgr:438 - getConditionDescription Invalid condition id : UX DEVICE CLASS RTOS Condition cause : null
2024-11-23 18:25:28,071 [WARN] PackLoader:240 - Cannot read IP mode file for STMicroelectronics.X-CUBE-AZRTOS-WB.2.0.0
2024-11-23 18:25:28,071 [WARN] ConditionMgr:1039 - genDependencies : Invalid condition id : UX DEVICE CLASS RTOS Condition cause : null
2024-11-23 18:25:28,071 [WARN] ConditionMgr:1039 - genDependencies : Invalid condition id : UX DEVICE CLASS RTOS Condition cause : null
2024-11-23 18:25:28,071 [WARN] ConditionMgr:1039 - genDependencies : Invalid condition id : UX DEVICE CLASS RTOS Condition cause : null
2024-11-23 18:25:28,071 [WARN] ConditionMgr:1039 - genDependencies : Invalid condition id : UX DEVICE CLASS RTOS Condition cause : null
2024-11-23 18:25:28,071 [WARN] ConditionMgr:1039 - genDependencies : Invalid condition id : UX DEVICE CLASS RTOS Condition cause : null
2024-11-23 18:25:28,075 [WARN] PackLoader:240 - Cannot read IP mode file for STMicroelectronics.X-CUBE-GNSS1.7.0.0
2024-11-23 18:25:28,081 [WARN] PackLoader:240 - Cannot read IP mode file for STMicroelectronics.FP-SNS-STBOX1.2.0.0
2024-11-23 18:25:28,088 [WARN] PackLoader:240 - Cannot read IP mode file for STMicroelectronics.X-CUBE-SUBG2.5.0.0
2024-11-23 18:25:28,092 [WARN] PackLoader:240 - Cannot read IP mode file for Cesanta.I-CUBE-Mongoose.7.13.0
2024-11-23 18:25:28,100 [WARN] PackLoader:240 - Cannot read IP mode file for STMicroelectronics.X-CUBE-AZRTOS-G4.2.0.0
2024-11-23 18:25:28,105 [WARN] PackLoader:240 - Cannot read IP mode file for STMicroelectronics.X-CUBE-ALS.1.0.2
2024-11-23 18:25:28,110 [WARN] PackLoader:240 - Cannot read IP mode file for STMicroelectronics.X-CUBE-TOUCHGFX.4.24.1
2024-11-23 18:25:28,112 [WARN] PackLoader:240 - Cannot read IP mode file for wolfSSL.I-CUBE-wolfTPM.3.4.0
2024-11-23 18:25:28,115 [WARN] PackLoader:240 - Cannot read IP mode file for portGmbH.I-Cube-SoM-uGOAL.1.1.0
2024-11-23 18:25:28,127 [WARN] PackLoader:240 - Cannot read IP mode file for STMicroelectronics.X-CUBE-AZRTOS-H7RS.1.0.0
2024-11-23 18:25:28,136 [WARN] PackLoader:240 - Cannot read IP mode file for STMicroelectronics.X-CUBE-TOF1.3.4.2
2024-11-23 18:25:28,156 [WARN] PackLoader:240 - Cannot read IP mode file for Infineon.AIROC-Wi-Fi-Bluetooth-STM32.1.6.1
2024-11-23 18:25:28,163 [WARN] PackLoader:240 - Cannot read IP mode file for wolfSSL.I-CUBE-wolfSSH.1.4.17
2024-11-23 18:25:28,164 [INFO] ThirdParty:978 - Integrity check success = true
2024-11-23 18:25:28,164 [INFO] IntegrityCheckThread:100 - exiting critical section [integrity check]
2024-11-23 18:25:28,164 [INFO] IntegrityCheckThread:103 - End integrity checks thread
2024-11-23 18:25:28,756 [INFO] WebApp:448 - Apply proxy settings
2024-11-23 18:25:28,756 [INFO] WebApp:533 - Chromium requires no authentication
2024-11-23 18:25:28,762 [INFO] WebApp:476 - Direct internet connection detected
2024-11-23 18:25:28,779 [INFO] WebApp:869 - Register for checkConnection events
2024-11-23 18:25:28,779 [INFO] WebApp:448 - Apply proxy settings
2024-11-23 18:25:28,779 [INFO] WebApp:533 - Chromium requires no authentication
2024-11-23 18:25:28,780 [INFO] WebApp:476 - Direct internet connection detected
2024-11-23 18:25:28,894 [INFO] WebApp:220 - Starting web application
2024-11-23 18:25:28,895 [INFO] WebApp:578 - Web application path used C:\ST\STM32CubeIDE_1.16.1\STM32CubeIDE\plugins\com.st.stm32cube.common.mx_6.12.1.202409122256\db\plugins\mcufinder\reactClient1\index.html
2024-11-23 18:25:28,976 [INFO] UserAuth:417 - Internet connection configuration mode: 1
2024-11-23 18:25:29,050 [INFO] WebApp:186 - Connection restablished
2024-11-23 18:25:51,960 [ERROR] LogOutputStream:75 - [STDERR_REDIRECT] 
